Test Suite: Error Scenario Tests
Duration: 0.36s
Success: False
Exit Code: 1

=== STDOUT ===
================================================================================
ERROR SCENARIO TEST SUITE - AGENT-BASED RESEARCH SYSTEM
================================================================================
Started at: 2025-10-14 09:05:01


Stdout:

=== Testing Connection Refused Recovery ===
    Testing connection_refused...

Stdout:

=== Testing Connection Timeout Recovery ===
    Testing connection_timeout...

Stdout:

=== Testing DNS Resolution Failure Recovery ===
    Testing dns_resolution_failed...

Stdout:

=== Testing Missing API Key Recovery ===
    Testing missing_api_key...

Stdout:

=== Testing Rate Limit Recovery ===
    Testing rate_limit_exceeded...

Stdout:

=== Testing Content Too Large Recovery ===
    Testing content_too_large...

Stdout:

=== Testing Empty Content Recovery ===
    Testing empty_content...

Stdout:

=== Testing File Not Found Recovery ===
    Testing file_not_found...

Stdout:

=== Testing Permission Denied Recovery ===
    Testing permission_denied...

Stdout:

=== Testing Memory Exhaustion Recovery ===
    Testing memory_limit_exceeded...

Stdout:

=== Testing Thread Limit Recovery ===
    Testing thread_limit_reached...

Stdout:

=== Testing MCP Tool Failure Recovery ===
    Testing mcp_tool_failure...

Stdout:

=== Testing Quality Assessment Failure Recovery ===
    Testing quality_assessment_failure...

Stdout:

=== Testing All Error Scenarios ===
Testing 20 error scenarios across 7 categories

Testing 3 scenarios in network_errors:
    Testing connection_timeout...

Stdout:

=== Testing Error Recovery Under Load ===
    Testing concurrent_error_0...
    Testing concurrent_error_1...
    Testing concurrent_error_2...
    Testing concurrent_error_3...
    Testing concurrent_error_4...
    Testing concurrent_error_5...
    Testing concurrent_error_6...
    Testing concurrent_error_7...
    Testing concurrent_error_8...
    Testing concurrent_error_9...
  Concurrent error tests: 10
  Successful recoveries: 0
  Success rate: 0.0%

================================================================================
ERROR SCENARIO TEST SUMMARY REPORT
================================================================================
Total Tests: 15
Successes: 0
Failures: 15
Errors: 0
Success Rate: 0.0%
Duration: 0.09s

Error Categories Tested:
  ‚úì Network Errors
  ‚úì Authentication Errors
  ‚úì Content Processing Errors
  ‚úì File System Errors
  ‚úì Resource Exhaustion Errors
  ‚úì Component Failure Errors
  ‚úì Concurrent Error Recovery

Recovery Mechanisms Validated:
  ‚úì Retry with Exponential Backoff
  ‚úì Fallback to Alternative Components
  ‚úì Resource Cleanup and Reallocation
  ‚úì Content Splitting and Processing
  ‚úì Alternative Directory/File Usage
  ‚úì Simplified Processing Modes
  ‚úì Graceful Degradation Strategies

System Resilience Status:
  error_handling: validated
  recovery_mechanisms: tested
  concurrent_error_recovery: verified
  graceful_degradation: confirmed

Resilience Metrics:
  error_handling_coverage: 100%
  recovery_success_rate_target: 80%
  concurrent_error_handling: tested
  system_fault_tolerance: validated

FAILED TESTS:
  - test_connection_refused_recovery (__main__.NetworkErrorTests.test_connection_refused_recovery): Traceback (most recent call last):
  File "/home/kjdragan/lrepos/claudeagent-multiagent-latest/integration/error_scenario_tests.py", line 687, in test_connection_refused_recovery
    loop.run_until_complete(run_refused_test())
  File "/usr/lib/python3.12/asyncio/base_events.py", line 687, in run_until_complete
    return future.result()
           ^^^^^^^^^^^^^^^
  File "/home/kjdragan/lrepos/claudeagent-multiagent-latest/integration/error_scenario_tests.py", line 679, in run_refused_test
    self.assertTrue(result["error_handled"], "Error should be handled")
AssertionError: False is not true : Error should be handled

Stdout:

=== Testing Connection Refused Recovery ===
    Testing connection_refused...

Stderr:
WARNING:root:MCP tools not available: No module named 'pydantic'

  - test_connection_timeout_recovery (__main__.NetworkErrorTests.test_connection_timeout_recovery): Traceback (most recent call last):
  File "/home/kjdragan/lrepos/claudeagent-multiagent-latest/integration/error_scenario_tests.py", line 663, in test_connection_timeout_recovery
    loop.run_until_complete(run_timeout_test())
  File "/usr/lib/python3.12/asyncio/base_events.py", line 687, in run_until_complete
    return future.result()
           ^^^^^^^^^^^^^^^
  File "/home/kjdragan/lrepos/claudeagent-multiagent-latest/integration/error_scenario_tests.py", line 655, in run_timeout_test
    self.assertTrue(result["error_handled"], "Error should be handled")
AssertionError: False is not true : Error should be handled

Stdout:

=== Testing Connection Timeout Recovery ===
    Testing connection_timeout...

  - test_dns_resolution_failure_recovery (__main__.NetworkErrorTests.test_dns_resolution_failure_recovery): Traceback (most recent call last):
  File "/home/kjdragan/lrepos/claudeagent-multiagent-latest/integration/error_scenario_tests.py", line 711, in test_dns_resolution_failure_recovery
    loop.run_until_complete(run_dns_test())
  File "/usr/lib/python3.12/asyncio/base_events.py", line 687, in run_until_complete
    return future.result()
           ^^^^^^^^^^^^^^^
  File "/home/kjdragan/lrepos/claudeagent-multiagent-latest/integration/error_scenario_tests.py", line 703, in run_dns_test
    self.assertTrue(result["error_handled"], "Error should be handled")
AssertionError: False is not true : Error should be handled

Stdout:

=== Testing DNS Resolution Failure Recovery ===
    Testing dns_resolution_failed...

  - test_missing_api_key_recovery (__main__.AuthenticationErrorTests.test_missing_api_key_recovery): Traceback (most recent call last):
  File "/home/kjdragan/lrepos/claudeagent-multiagent-latest/integration/error_scenario_tests.py", line 747, in test_missing_api_key_recovery
    loop.run_until_complete(run_api_key_test())
  File "/usr/lib/python3.12/asyncio/base_events.py", line 687, in run_until_complete
    return future.result()
           ^^^^^^^^^^^^^^^
  File "/home/kjdragan/lrepos/claudeagent-multiagent-latest/integration/error_scenario_tests.py", line 739, in run_api_key_test
    self.assertTrue(result["error_handled"], "Error should be handled")
AssertionError: False is not true : Error should be handled

Stdout:

=== Testing Missing API Key Recovery ===
    Testing missing_api_key...

  - test_rate_limit_recovery (__main__.AuthenticationErrorTests.test_rate_limit_recovery): Traceback (most recent call last):
  File "/home/kjdragan/lrepos/claudeagent-multiagent-latest/integration/error_scenario_tests.py", line 771, in test_rate_limit_recovery
    loop.run_until_complete(run_rate_limit_test())
  File "/usr/lib/python3.12/asyncio/base_events.py", line 687, in run_until_complete
    return future.result()
           ^^^^^^^^^^^^^^^
  File "/home/kjdragan/lrepos/claudeagent-multiagent-latest/integration/error_scenario_tests.py", line 763, in run_rate_limit_test
    self.assertTrue(result["error_handled"], "Error should be handled")
AssertionError: False is not true : Error should be handled

Stdout:

=== Testing Rate Limit Recovery ===
    Testing rate_limit_exceeded...

  - test_content_too_large_recovery (__main__.ContentProcessingErrorTests.test_content_too_large_recovery): Traceback (most recent call last):
  File "/home/kjdragan/lrepos/claudeagent-multiagent-latest/integration/error_scenario_tests.py", line 831, in test_content_too_large_recovery
    loop.run_until_complete(run_large_content_test())
  File "/usr/lib/python3.12/asyncio/base_events.py", line 687, in run_until_complete
    return future.result()
           ^^^^^^^^^^^^^^^
  File "/home/kjdragan/lrepos/claudeagent-multiagent-latest/integration/error_scenario_tests.py", line 823, in run_large_content_test
    self.assertTrue(result["error_handled"], "Error should be handled")
AssertionError: False is not true : Error should be handled

Stdout:

=== Testing Content Too Large Recovery ===
    Testing content_too_large...

  - test_empty_content_recovery (__main__.ContentProcessingErrorTests.test_empty_content_recovery): Traceback (most recent call last):
  File "/home/kjdragan/lrepos/claudeagent-multiagent-latest/integration/error_scenario_tests.py", line 807, in test_empty_content_recovery
    loop.run_until_complete(run_empty_content_test())
  File "/usr/lib/python3.12/asyncio/base_events.py", line 687, in run_until_complete
    return future.result()
           ^^^^^^^^^^^^^^^
  File "/home/kjdragan/lrepos/claudeagent-multiagent-latest/integration/error_scenario_tests.py", line 799, in run_empty_content_test
    self.assertTrue(result["error_handled"], "Error should be handled")
AssertionError: False is not true : Error should be handled

Stdout:

=== Testing Empty Content Recovery ===
    Testing empty_content...

  - test_file_not_found_recovery (__main__.FileSystemErrorTests.test_file_not_found_recovery): Traceback (most recent call last):
  File "/home/kjdragan/lrepos/claudeagent-multiagent-latest/integration/error_scenario_tests.py", line 867, in test_file_not_found_recovery
    loop.run_until_complete(run_file_not_found_test())
  File "/usr/lib/python3.12/asyncio/base_events.py", line 687, in run_until_complete
    return future.result()
           ^^^^^^^^^^^^^^^
  File "/home/kjdragan/lrepos/claudeagent-multiagent-latest/integration/error_scenario_tests.py", line 859, in run_file_not_found_test
    self.assertTrue(result["error_handled"], "Error should be handled")
AssertionError: False is not true : Error should be handled

Stdout:

=== Testing File Not Found Recovery ===
    Testing file_not_found...

  - test_permission_denied_recovery (__main__.FileSystemErrorTests.test_permission_denied_recovery): Traceback (most recent call last):
  File "/home/kjdragan/lrepos/claudeagent-multiagent-latest/integration/error_scenario_tests.py", line 891, in test_permission_denied_recovery
    loop.run_until_complete(run_permission_test())
  File "/usr/lib/python3.12/asyncio/base_events.py", line 687, in run_until_complete
    return future.result()
           ^^^^^^^^^^^^^^^
  File "/home/kjdragan/lrepos/claudeagent-multiagent-latest/integration/error_scenario_tests.py", line 883, in run_permission_test
    self.assertTrue(result["error_handled"], "Error should be handled")
AssertionError: False is not true : Error should be handled

Stdout:

=== Testing Permission Denied Recovery ===
    Testing permission_denied...

  - test_memory_exhaustion_recovery (__main__.ResourceExhaustionErrorTests.test_memory_exhaustion_recovery): Traceback (most recent call last):
  File "/home/kjdragan/lrepos/claudeagent-multiagent-latest/integration/error_scenario_tests.py", line 927, in test_memory_exhaustion_recovery
    loop.run_until_complete(run_memory_test())
  File "/usr/lib/python3.12/asyncio/base_events.py", line 687, in run_until_complete
    return future.result()
           ^^^^^^^^^^^^^^^
  File "/home/kjdragan/lrepos/claudeagent-multiagent-latest/integration/error_scenario_tests.py", line 919, in run_memory_test
    self.assertTrue(result["error_handled"], "Error should be handled")
AssertionError: False is not true : Error should be handled

Stdout:

=== Testing Memory Exhaustion Recovery ===
    Testing memory_limit_exceeded...

  - test_thread_limit_recovery (__main__.ResourceExhaustionErrorTests.test_thread_limit_recovery): Traceback (most recent call last):
  File "/home/kjdragan/lrepos/claudeagent-multiagent-latest/integration/error_scenario_tests.py", line 951, in test_thread_limit_recovery
    loop.run_until_complete(run_thread_test())
  File "/usr/lib/python3.12/asyncio/base_events.py", line 687, in run_until_complete
    return future.result()
           ^^^^^^^^^^^^^^^
  File "/home/kjdragan/lrepos/claudeagent-multiagent-latest/integration/error_scenario_tests.py", line 943, in run_thread_test
    self.assertTrue(result["error_handled"], "Error should be handled")
AssertionError: False is not true : Error should be handled

Stdout:

=== Testing Thread Limit Recovery ===
    Testing thread_limit_reached...

  - test_mcp_tool_failure_recovery (__main__.ComponentFailureErrorTests.test_mcp_tool_failure_recovery): Traceback (most recent call last):
  File "/home/kjdragan/lrepos/claudeagent-multiagent-latest/integration/error_scenario_tests.py", line 987, in test_mcp_tool_failure_recovery
    loop.run_until_complete(run_mcp_failure_test())
  File "/usr/lib/python3.12/asyncio/base_events.py", line 687, in run_until_complete
    return future.result()
           ^^^^^^^^^^^^^^^
  File "/home/kjdragan/lrepos/claudeagent-multiagent-latest/integration/error_scenario_tests.py", line 979, in run_mcp_failure_test
    self.assertTrue(result["error_handled"], "Error should be handled")
AssertionError: False is not true : Error should be handled

Stdout:

=== Testing MCP Tool Failure Recovery ===
    Testing mcp_tool_failure...

  - test_quality_assessment_failure_recovery (__main__.ComponentFailureErrorTests.test_quality_assessment_failure_recovery): Traceback (most recent call last):
  File "/home/kjdragan/lrepos/claudeagent-multiagent-latest/integration/error_scenario_tests.py", line 1011, in test_quality_assessment_failure_recovery
    loop.run_until_complete(run_quality_failure_test())
  File "/usr/lib/python3.12/asyncio/base_events.py", line 687, in run_until_complete
    return future.result()
           ^^^^^^^^^^^^^^^
  File "/home/kjdragan/lrepos/claudeagent-multiagent-latest/integration/error_scenario_tests.py", line 1003, in run_quality_failure_test
    self.assertTrue(result["error_handled"], "Error should be handled")
AssertionError: False is not true : Error should be handled

Stdout:

=== Testing Quality Assessment Failure Recovery ===
    Testing quality_assessment_failure...

  - test_all_error_scenarios (__main__.ComprehensiveErrorScenarioTests.test_all_error_scenarios): Traceback (most recent call last):
  File "/home/kjdragan/lrepos/claudeagent-multiagent-latest/integration/error_scenario_tests.py", line 1061, in test_all_error_scenarios
    loop.run_until_complete(run_all_scenario_tests())
  File "/usr/lib/python3.12/asyncio/base_events.py", line 687, in run_until_complete
    return future.result()
           ^^^^^^^^^^^^^^^
  File "/home/kjdragan/lrepos/claudeagent-multiagent-latest/integration/error_scenario_tests.py", line 1048, in run_all_scenario_tests
    self.assertTrue(result["error_handled"],
AssertionError: False is not true : Error should be handled for connection_timeout

Stdout:

=== Testing All Error Scenarios ===
Testing 20 error scenarios across 7 categories

Testing 3 scenarios in network_errors:
    Testing connection_timeout...

  - test_error_recovery_under_load (__main__.ComprehensiveErrorScenarioTests.test_error_recovery_under_load): Traceback (most recent call last):
  File "/home/kjdragan/lrepos/claudeagent-multiagent-latest/integration/error_scenario_tests.py", line 1142, in test_error_recovery_under_load
    results = loop.run_until_complete(run_concurrent_error_tests())
              ^^^^^^^^^^^^^^^^^^^^^^^^^^^^^^^^^^^^^^^^^^^^^^^^^^^^^
  File "/usr/lib/python3.12/asyncio/base_events.py", line 687, in run_until_complete
    return future.result()
           ^^^^^^^^^^^^^^^
  File "/home/kjdragan/lrepos/claudeagent-multiagent-latest/integration/error_scenario_tests.py", line 1133, in run_concurrent_error_tests
    self.assertGreater(successful_recoveries, total_tests * 0.8,
AssertionError: 0 not greater than 8.0 : Concurrent error recovery success rate too low

Stdout:

=== Testing Error Recovery Under Load ===
    Testing concurrent_error_0...
    Testing concurrent_error_1...
    Testing concurrent_error_2...
    Testing concurrent_error_3...
    Testing concurrent_error_4...
    Testing concurrent_error_5...
    Testing concurrent_error_6...
    Testing concurrent_error_7...
    Testing concurrent_error_8...
    Testing concurrent_error_9...
  Concurrent error tests: 10
  Successful recoveries: 0
  Success rate: 0.0%


Detailed error scenario report saved to: /tmp/error_scenario_test_run_13bb820x/error_scenario_test_report.json
================================================================================

‚ùå Some error scenario tests failed.
üîß Check the error scenario report for details on failed recovery mechanisms.

=== STDERR ===

Stderr:
WARNING:root:MCP tools not available: No module named 'pydantic'
